<?xml version="1.0" encoding="UTF-8"?>
<!-- Generated by org.testng.reporters.JUnitReportReporter -->
<testsuite skipped="0" hostname="DESKTOP-NV5OIPA" name="parameterization.ParameterizationUsingDataProvider" tests="3" failures="0" timestamp="23 Nov 2020 09:09:44 GMT" time="0.010" errors="0">
  <testcase name="doLogin" time="0.003" classname="parameterization.ParameterizationUsingDataProvider"/>
  <testcase name="doLogin" time="0.004" classname="parameterization.ParameterizationUsingDataProvider"/>
  <testcase name="doLogin" time="0.003" classname="parameterization.ParameterizationUsingDataProvider"/>
</testsuite> <!-- parameterization.ParameterizationUsingDataProvider -->
