<?xml version="1.0" encoding="UTF-8"?>
<!-- Generated by org.testng.reporters.JUnitReportReporter -->
<testsuite skipped="0" hostname="DESKTOP-NV5OIPA" name="parameterization.ParameterizationUsingXML" tests="1" failures="0" timestamp="23 Nov 2020 09:09:44 GMT" time="0.018" errors="0">
  <testcase name="parameters" time="0.018" classname="parameterization.ParameterizationUsingXML"/>
</testsuite> <!-- parameterization.ParameterizationUsingXML -->
