<?xml version="1.0" encoding="UTF-8"?>
<!-- Generated by org.testng.reporters.JUnitReportReporter -->
<testsuite skipped="0" hostname="DESKTOP-NV5OIPA" name="crossBrowserTesting.CrossBrowserTesting" tests="2" failures="0" timestamp="23 Nov 2020 10:21:22 GMT" time="2.535" errors="0">
  <testcase name="test" time="2.223" classname="crossBrowserTesting.CrossBrowserTesting"/>
  <testcase name="test" time="0.312" classname="crossBrowserTesting.CrossBrowserTesting"/>
</testsuite> <!-- crossBrowserTesting.CrossBrowserTesting -->
